<?xml version="1.0" encoding="UTF-8"?>
<!-- Generated by org.testng.reporters.JUnitReportReporter -->
<testsuite hostname="DESKTOP-UTIM22I" failures="0" tests="1" name="automationlearningoct2022.oceanacademy" time="66.169" errors="0" timestamp="2022-11-11T07:43:02 GMT-08:00" skipped="0">
  <testcase classname="automationlearningoct2022.oceanacademy" name="Createacc" time="66.169"/>
  <system-out/>
</testsuite> <!-- automationlearningoct2022.oceanacademy -->
